
*** Running vivado
    with args -log alu_wrapper.vds -m64 -product Vivado -mode batch -messageDb vivado.pb -notrace -source alu_wrapper.tcl



****** Vivado v2025.1 (64-bit)
  **** SW Build 6140274 on Thu May 22 00:12:29 MDT 2025
  **** IP Build 6138677 on Thu May 22 03:10:11 MDT 2025
  **** SharedData Build 6139179 on Tue May 20 17:58:58 MDT 2025
  **** Start of session at: Fri Nov  7 10:09:44 2025
    ** Copyright 1986-2022 Xilinx, Inc. All Rights Reserved.
    ** Copyright 2022-2025 Advanced Micro Devices, Inc. All Rights Reserved.

source alu_wrapper.tcl -notrace
create_project: Time (s): cpu = 00:00:10 ; elapsed = 00:00:06 . Memory (MB): peak = 495.051 ; gain = 210.082
Command: read_checkpoint -auto_incremental -incremental C:/Users/vincent/GitHub/advancedvlsi-25-26/task3/Task3/Task3.srcs/utils_1/imports/synth_1/alu.dcp
INFO: [Vivado 12-5825] Read reference checkpoint from C:/Users/vincent/GitHub/advancedvlsi-25-26/task3/Task3/Task3.srcs/utils_1/imports/synth_1/alu.dcp for incremental synthesis
INFO: [Vivado 12-7989] Please ensure there are no constraint changes
Command: synth_design -top alu_wrapper -part xc7z020clg484-1 -flatten_hierarchy full
Starting synth_design
Attempting to get a license for feature 'Synthesis' and/or device 'xc7z020'
INFO: [Common 17-349] Got license for feature 'Synthesis' and/or device 'xc7z020'
INFO: [Device 21-403] Loading part xc7z020clg484-1
INFO: [Synth 8-7079] Multithreading enabled for synth_design using a maximum of 2 processes.
INFO: [Synth 8-7078] Launching helper process for spawning children vivado processes
INFO: [Synth 8-7075] Helper process launched with PID 74384
---------------------------------------------------------------------------------
Starting RTL Elaboration : Time (s): cpu = 00:00:04 ; elapsed = 00:00:05 . Memory (MB): peak = 1223.359 ; gain = 492.484
---------------------------------------------------------------------------------
INFO: [Synth 8-638] synthesizing module 'alu_wrapper' [C:/Users/vincent/GitHub/advancedvlsi-25-26/task3/vhdl/alu_wrapper.vhd:16]
INFO: [Synth 8-638] synthesizing module 'alu' [C:/Users/vincent/GitHub/advancedvlsi-25-26/task3/vhdl/alu.vhd:21]
	Parameter bits bound to: 8 - type: integer 
INFO: [Synth 8-638] synthesizing module 'rsa_unit' [C:/Users/vincent/GitHub/advancedvlsi-25-26/task3/vhdl/rsa_unit.vhd:15]
	Parameter bits bound to: 8 - type: integer 
INFO: [Synth 8-6054] Found Dynamic range expression with variable size [C:/Users/vincent/GitHub/advancedvlsi-25-26/task3/vhdl/rsa_unit.vhd:19]
INFO: [Synth 8-6054] Found Dynamic range expression with variable size [C:/Users/vincent/GitHub/advancedvlsi-25-26/task3/vhdl/rsa_unit.vhd:20]
INFO: [Synth 8-256] done synthesizing module 'rsa_unit' (0#1) [C:/Users/vincent/GitHub/advancedvlsi-25-26/task3/vhdl/rsa_unit.vhd:15]
WARNING: [Synth 8-614] signal 'rsa_output' is read in the process but is not in the sensitivity list [C:/Users/vincent/GitHub/advancedvlsi-25-26/task3/vhdl/alu.vhd:41]
INFO: [Synth 8-256] done synthesizing module 'alu' (0#1) [C:/Users/vincent/GitHub/advancedvlsi-25-26/task3/vhdl/alu.vhd:21]
INFO: [Synth 8-256] done synthesizing module 'alu_wrapper' (0#1) [C:/Users/vincent/GitHub/advancedvlsi-25-26/task3/vhdl/alu_wrapper.vhd:16]
WARNING: [Synth 8-7129] Port buttons[4] in module alu_wrapper is either unconnected or has no load
---------------------------------------------------------------------------------
Finished RTL Elaboration : Time (s): cpu = 00:00:06 ; elapsed = 00:00:07 . Memory (MB): peak = 1331.848 ; gain = 600.973
---------------------------------------------------------------------------------
---------------------------------------------------------------------------------
Start Handling Custom Attributes
---------------------------------------------------------------------------------
---------------------------------------------------------------------------------
Finished Handling Custom Attributes : Time (s): cpu = 00:00:06 ; elapsed = 00:00:07 . Memory (MB): peak = 1331.848 ; gain = 600.973
---------------------------------------------------------------------------------
---------------------------------------------------------------------------------
Finished RTL Optimization Phase 1 : Time (s): cpu = 00:00:06 ; elapsed = 00:00:07 . Memory (MB): peak = 1331.848 ; gain = 600.973
---------------------------------------------------------------------------------
Netlist sorting complete. Time (s): cpu = 00:00:00 ; elapsed = 00:00:00.003 . Memory (MB): peak = 1331.848 ; gain = 0.000
INFO: [Project 1-570] Preparing netlist for logic optimization

Processing XDC Constraints
Initializing timing engine
Parsing XDC File [C:/Users/vincent/GitHub/advancedvlsi-25-26/task3/constraints/constraints_zedboard.xdc]
Finished Parsing XDC File [C:/Users/vincent/GitHub/advancedvlsi-25-26/task3/constraints/constraints_zedboard.xdc]
INFO: [Project 1-236] Implementation specific constraints were found while reading constraint file [C:/Users/vincent/GitHub/advancedvlsi-25-26/task3/constraints/constraints_zedboard.xdc]. These constraints will be ignored for synthesis but will be used in implementation. Impacted constraints are listed in the file [.Xil/alu_wrapper_propImpl.xdc].
Resolution: To avoid this warning, move constraints listed in [.Xil/alu_wrapper_propImpl.xdc] to another XDC file and exclude this new file from synthesis with the used_in_synthesis property (File Properties dialog in GUI) and re-run elaboration/synthesis.
Completed Processing XDC Constraints

Netlist sorting complete. Time (s): cpu = 00:00:00 ; elapsed = 00:00:00 . Memory (MB): peak = 1390.680 ; gain = 0.000
INFO: [Project 1-111] Unisim Transformation Summary:
No Unisim elements were transformed.

Constraint Validation Runtime : Time (s): cpu = 00:00:00 ; elapsed = 00:00:00.002 . Memory (MB): peak = 1390.680 ; gain = 0.000
---------------------------------------------------------------------------------
Finished Constraint Validation : Time (s): cpu = 00:00:13 ; elapsed = 00:00:15 . Memory (MB): peak = 1390.680 ; gain = 659.805
---------------------------------------------------------------------------------
---------------------------------------------------------------------------------
Start Loading Part and Timing Information
---------------------------------------------------------------------------------
Loading part: xc7z020clg484-1
---------------------------------------------------------------------------------
Finished Loading Part and Timing Information : Time (s): cpu = 00:00:13 ; elapsed = 00:00:15 . Memory (MB): peak = 1390.680 ; gain = 659.805
---------------------------------------------------------------------------------
---------------------------------------------------------------------------------
Start Applying 'set_property' XDC Constraints
---------------------------------------------------------------------------------
---------------------------------------------------------------------------------
Finished applying 'set_property' XDC Constraints : Time (s): cpu = 00:00:13 ; elapsed = 00:00:15 . Memory (MB): peak = 1390.680 ; gain = 659.805
---------------------------------------------------------------------------------
---------------------------------------------------------------------------------
Start Preparing Guide Design
---------------------------------------------------------------------------------
CRITICAL WARNING: [Synth 8-6895] The reference checkpoint C:/Users/vincent/GitHub/advancedvlsi-25-26/task3/Task3/Task3.srcs/utils_1/imports/synth_1/alu.dcp is not suitable for use with incremental synthesis for this design. Please regenerate the checkpoint for this design with -incremental_synth switch in the same Vivado session that synth_design has been run. Synthesis will continue with the default flow
---------------------------------------------------------------------------------
Finished Doing Graph Differ : Time (s): cpu = 00:00:13 ; elapsed = 00:00:15 . Memory (MB): peak = 1390.680 ; gain = 659.805
---------------------------------------------------------------------------------
---------------------------------------------------------------------------------
Finished Preparing Guide Design : Time (s): cpu = 00:00:13 ; elapsed = 00:00:15 . Memory (MB): peak = 1390.680 ; gain = 659.805
---------------------------------------------------------------------------------
---------------------------------------------------------------------------------
Finished RTL Optimization Phase 2 : Time (s): cpu = 00:00:13 ; elapsed = 00:00:15 . Memory (MB): peak = 1390.680 ; gain = 659.805
---------------------------------------------------------------------------------


Incremental Synthesis Report Summary:

1. Incremental synthesis run: no

   Reason for not running incremental synthesis : 


INFO: [Synth 8-7130] Flow is switching to default flow due to incremental criteria not met. If you would like to alter this behaviour and have the flow terminate instead, please set the following parameter config_implementation {autoIncr.Synth.RejectBehavior Terminate}
---------------------------------------------------------------------------------
Start RTL Component Statistics 
---------------------------------------------------------------------------------
Detailed RTL Component Info : 
+---Adders : 
	   2 Input   32 Bit       Adders := 4     
	   2 Input   31 Bit       Adders := 1     
	   2 Input    8 Bit       Adders := 1     
	   3 Input    8 Bit       Adders := 1     
+---XORs : 
	   2 Input      8 Bit         XORs := 1     
+---Registers : 
	                8 Bit    Registers := 3     
	                4 Bit    Registers := 1     
+---Muxes : 
	   2 Input    8 Bit        Muxes := 1     
---------------------------------------------------------------------------------
Finished RTL Component Statistics 
---------------------------------------------------------------------------------
---------------------------------------------------------------------------------
Start Part Resource Summary
---------------------------------------------------------------------------------
Part Resources:
DSPs: 220 (col length:60)
BRAMs: 280 (col length: RAMB18 60 RAMB36 30)
---------------------------------------------------------------------------------
Finished Part Resource Summary
---------------------------------------------------------------------------------
---------------------------------------------------------------------------------
Start Cross Boundary and Area Optimization
---------------------------------------------------------------------------------
WARNING: [Synth 8-7080] Parallel synthesis criteria is not met
---------------------------------------------------------------------------------
Finished Cross Boundary and Area Optimization : Time (s): cpu = 00:00:16 ; elapsed = 00:00:18 . Memory (MB): peak = 1402.449 ; gain = 671.574
---------------------------------------------------------------------------------
---------------------------------------------------------------------------------
Start Applying XDC Timing Constraints
---------------------------------------------------------------------------------
---------------------------------------------------------------------------------
Finished Applying XDC Timing Constraints : Time (s): cpu = 00:00:22 ; elapsed = 00:00:24 . Memory (MB): peak = 1542.770 ; gain = 811.895
---------------------------------------------------------------------------------
---------------------------------------------------------------------------------
Start Timing Optimization
---------------------------------------------------------------------------------
---------------------------------------------------------------------------------
Finished Timing Optimization : Time (s): cpu = 00:00:23 ; elapsed = 00:00:25 . Memory (MB): peak = 1570.172 ; gain = 839.297
---------------------------------------------------------------------------------
---------------------------------------------------------------------------------
Start Technology Mapping
---------------------------------------------------------------------------------
---------------------------------------------------------------------------------
Finished Technology Mapping : Time (s): cpu = 00:00:23 ; elapsed = 00:00:25 . Memory (MB): peak = 1573.625 ; gain = 842.750
---------------------------------------------------------------------------------
---------------------------------------------------------------------------------
Start IO Insertion
---------------------------------------------------------------------------------
---------------------------------------------------------------------------------
Start Flattening Before IO Insertion
---------------------------------------------------------------------------------
---------------------------------------------------------------------------------
Finished Flattening Before IO Insertion
---------------------------------------------------------------------------------
---------------------------------------------------------------------------------
Start Final Netlist Cleanup
---------------------------------------------------------------------------------
---------------------------------------------------------------------------------
Finished Final Netlist Cleanup
---------------------------------------------------------------------------------
---------------------------------------------------------------------------------
Finished IO Insertion : Time (s): cpu = 00:00:27 ; elapsed = 00:00:29 . Memory (MB): peak = 1790.785 ; gain = 1059.910
---------------------------------------------------------------------------------
---------------------------------------------------------------------------------
Start Renaming Generated Instances
---------------------------------------------------------------------------------
---------------------------------------------------------------------------------
Finished Renaming Generated Instances : Time (s): cpu = 00:00:27 ; elapsed = 00:00:29 . Memory (MB): peak = 1790.785 ; gain = 1059.910
---------------------------------------------------------------------------------
---------------------------------------------------------------------------------
Start Handling Custom Attributes
---------------------------------------------------------------------------------
---------------------------------------------------------------------------------
Finished Handling Custom Attributes : Time (s): cpu = 00:00:27 ; elapsed = 00:00:29 . Memory (MB): peak = 1790.785 ; gain = 1059.910
---------------------------------------------------------------------------------
---------------------------------------------------------------------------------
Start Writing Synthesis Report
---------------------------------------------------------------------------------

Report BlackBoxes: 
+-+--------------+----------+
| |BlackBox name |Instances |
+-+--------------+----------+
+-+--------------+----------+

Report Cell Usage: 
+------+-------+------+
|      |Cell   |Count |
+------+-------+------+
|1     |BUFG   |     1|
|2     |CARRY4 |    14|
|3     |LUT1   |     1|
|4     |LUT2   |    29|
|5     |LUT3   |    20|
|6     |LUT4   |    36|
|7     |LUT5   |    49|
|8     |LUT6   |    70|
|9     |FDRE   |    28|
|10    |IBUF   |    13|
|11    |OBUF   |     8|
+------+-------+------+
---------------------------------------------------------------------------------
Finished Writing Synthesis Report : Time (s): cpu = 00:00:27 ; elapsed = 00:00:29 . Memory (MB): peak = 1790.785 ; gain = 1059.910
---------------------------------------------------------------------------------
Synthesis finished with 0 errors, 1 critical warnings and 1 warnings.
Synthesis Optimization Runtime : Time (s): cpu = 00:00:19 ; elapsed = 00:00:27 . Memory (MB): peak = 1790.785 ; gain = 1001.078
Synthesis Optimization Complete : Time (s): cpu = 00:00:27 ; elapsed = 00:00:29 . Memory (MB): peak = 1790.785 ; gain = 1059.910
INFO: [Project 1-571] Translating synthesized netlist
Netlist sorting complete. Time (s): cpu = 00:00:00 ; elapsed = 00:00:00.002 . Memory (MB): peak = 1795.375 ; gain = 0.000
INFO: [Netlist 29-17] Analyzing 14 Unisim elements for replacement
INFO: [Netlist 29-28] Unisim Transformation completed in 0 CPU seconds
INFO: [Project 1-570] Preparing netlist for logic optimization
INFO: [Opt 31-138] Pushed 0 inverter(s) to 0 load pin(s).
Netlist sorting complete. Time (s): cpu = 00:00:00 ; elapsed = 00:00:00 . Memory (MB): peak = 1799.020 ; gain = 0.000
INFO: [Project 1-111] Unisim Transformation Summary:
No Unisim elements were transformed.

Synth Design complete | Checksum: ea09b4b2
INFO: [Common 17-83] Releasing license: Synthesis
26 Infos, 3 Warnings, 1 Critical Warnings and 0 Errors encountered.
synth_design completed successfully
synth_design: Time (s): cpu = 00:00:30 ; elapsed = 00:00:35 . Memory (MB): peak = 1799.020 ; gain = 1298.379
INFO: [runtcl-6] Synthesis results are not added to the cache due to CRITICAL_WARNING
Write ShapeDB Complete: Time (s): cpu = 00:00:00 ; elapsed = 00:00:00.002 . Memory (MB): peak = 1799.020 ; gain = 0.000
INFO: [Common 17-1381] The checkpoint 'C:/Users/vincent/GitHub/advancedvlsi-25-26/task3/Task3/Task3.runs/synth_1/alu_wrapper.dcp' has been generated.
INFO: [Vivado 12-24828] Executing command : report_utilization -file alu_wrapper_utilization_synth.rpt -pb alu_wrapper_utilization_synth.pb
INFO: [Common 17-206] Exiting Vivado at Fri Nov  7 10:10:28 2025...
